# JRE version: OpenJDK Runtime Environment Temurin-17.0.10+7 (17.0.10+7) (build 17.0.10+7)
# Java VM: OpenJDK 64-Bit Server VM Temurin-17.0.10+7 (17.0.10+7, mixed mode, tiered, compressed oops, compressed class ptrs, g1 gc, windows-amd64)
GC Precious Log:
 CPUs: 12 total, 12 available
 Memory: 16315M
 Large Page Support: Disabled
 NUMA Support: Disabled
 Compressed Oops: Enabled (Zero based)
 Heap Region Size: 2M
 Heap Min Capacity: 8M
 Heap Initial Capacity: 256M
 Heap Max Capacity: 4080M
 Pre-touch: Disabled
 Parallel Workers: 10
 Concurrent Workers: 3
 Concurrent Refinement Workers: 10
 Periodic GC: Disabled
Heap:
 garbage-first heap   total 81920K, used 40418K [0x0000000701000000, 0x0000000800000000)
  region size 2048K, 2 young (4096K), 2 survivors (4096K)
 Metaspace       used 79879K, committed 80384K, reserved 1179648K
  class space    used 10532K, committed 10752K, reserved 1048576K
GC Heap History (20 events):
Event: 2.344 GC heap after
{Heap after GC invocations=9 (full 0):
 garbage-first heap   total 159744K, used 18737K [0x0000000701000000, 0x0000000800000000)
  region size 2048K, 2 young (4096K), 2 survivors (4096K)
 Metaspace       used 33366K, committed 33664K, reserved 1114112K
  class space    used 3927K, committed 4032K, reserved 1048576K
}
Event: 2.662 GC heap before
{Heap before GC invocations=9 (full 0):
 garbage-first heap   total 159744K, used 35121K [0x0000000701000000, 0x0000000800000000)
  region size 2048K, 11 young (22528K), 2 survivors (4096K)
 Metaspace       used 35603K, committed 35968K, reserved 1114112K
  class space    used 4246K, committed 4416K, reserved 1048576K
}
Event: 2.666 GC heap after
{Heap after GC invocations=10 (full 0):
 garbage-first heap   total 159744K, used 20059K [0x0000000701000000, 0x0000000800000000)
  region size 2048K, 3 young (6144K), 3 survivors (6144K)
 Metaspace       used 35603K, committed 35968K, reserved 1114112K
  class space    used 4246K, committed 4416K, reserved 1048576K
}
Event: 3.525 GC heap before
{Heap before GC invocations=11 (full 0):
 garbage-first heap   total 81920K, used 63067K [0x0000000701000000, 0x0000000800000000)
  region size 2048K, 24 young (49152K), 3 survivors (6144K)
 Metaspace       used 43009K, committed 43456K, reserved 1114112K
  class space    used 5172K, committed 5376K, reserved 1048576K
}
Event: 3.536 GC heap after
{Heap after GC invocations=12 (full 0):
 garbage-first heap   total 81920K, used 23081K [0x0000000701000000, 0x0000000800000000)
  region size 2048K, 3 young (6144K), 3 survivors (6144K)
 Metaspace       used 43009K, committed 43456K, reserved 1114112K
  class space    used 5172K, committed 5376K, reserved 1048576K
}
Event: 4.195 GC heap before
{Heap before GC invocations=12 (full 0):
 garbage-first heap   total 81920K, used 59945K [0x0000000701000000, 0x0000000800000000)
  region size 2048K, 21 young (43008K), 3 survivors (6144K)
 Metaspace       used 49905K, committed 50368K, reserved 1114112K
  class space    used 5985K, committed 6208K, reserved 1048576K
}
Event: 4.200 GC heap after
{Heap after GC invocations=13 (full 0):
 garbage-first heap   total 81920K, used 26014K [0x0000000701000000, 0x0000000800000000)
  region size 2048K, 2 young (4096K), 2 survivors (4096K)
 Metaspace       used 49905K, committed 50368K, reserved 1114112K
  class space    used 5985K, committed 6208K, reserved 1048576K
}
Event: 4.930 GC heap before
{Heap before GC invocations=13 (full 0):
 garbage-first heap   total 81920K, used 60830K [0x0000000701000000, 0x0000000800000000)
  region size 2048K, 19 young (38912K), 2 survivors (4096K)
 Metaspace       used 57770K, committed 58240K, reserved 1114112K
  class space    used 7250K, committed 7488K, reserved 1048576K
}
Event: 4.933 GC heap after
{Heap after GC invocations=14 (full 0):
 garbage-first heap   total 81920K, used 29415K [0x0000000701000000, 0x0000000800000000)
  region size 2048K, 3 young (6144K), 3 survivors (6144K)
 Metaspace       used 57770K, committed 58240K, reserved 1114112K
  class space    used 7250K, committed 7488K, reserved 1048576K
}
Event: 5.070 GC heap before
{Heap before GC invocations=14 (full 0):
 garbage-first heap   total 81920K, used 35559K [0x0000000701000000, 0x0000000800000000)
  region size 2048K, 7 young (14336K), 3 survivors (6144K)
 Metaspace       used 59668K, committed 60096K, reserved 1114112K
  class space    used 7509K, committed 7744K, reserved 1048576K
}
Event: 5.073 GC heap after
{Heap after GC invocations=15 (full 0):
 garbage-first heap   total 81920K, used 29941K [0x0000000701000000, 0x0000000800000000)
  region size 2048K, 2 young (4096K), 2 survivors (4096K)
 Metaspace       used 59668K, committed 60096K, reserved 1114112K
  class space    used 7509K, committed 7744K, reserved 1048576K
}
Event: 5.698 GC heap before
{Heap before GC invocations=16 (full 0):
 garbage-first heap   total 81920K, used 60661K [0x0000000701000000, 0x0000000800000000)
  region size 2048K, 18 young (36864K), 2 survivors (4096K)
 Metaspace       used 68295K, committed 68736K, reserved 1114112K
  class space    used 8880K, committed 9088K, reserved 1048576K
}
Event: 5.700 GC heap after
{Heap after GC invocations=17 (full 0):
 garbage-first heap   total 81920K, used 31037K [0x0000000701000000, 0x0000000800000000)
  region size 2048K, 2 young (4096K), 2 survivors (4096K)
 Metaspace       used 68295K, committed 68736K, reserved 1114112K
  class space    used 8880K, committed 9088K, reserved 1048576K
}
Event: 6.285 GC heap before
{Heap before GC invocations=17 (full 0):
 garbage-first heap   total 81920K, used 65853K [0x0000000701000000, 0x0000000800000000)
  region size 2048K, 19 young (38912K), 2 survivors (4096K)
 Metaspace       used 74831K, committed 75392K, reserved 1179648K
  class space    used 9789K, committed 10048K, reserved 1048576K
}
Event: 6.290 GC heap after
{Heap after GC invocations=18 (full 0):
 garbage-first heap   total 81920K, used 33601K [0x0000000701000000, 0x0000000800000000)
  region size 2048K, 3 young (6144K), 3 survivors (6144K)
 Metaspace       used 74831K, committed 75392K, reserved 1179648K
  class space    used 9789K, committed 10048K, reserved 1048576K
}
Event: 6.870 GC heap before
{Heap before GC invocations=18 (full 0):
 garbage-first heap   total 81920K, used 64321K [0x0000000701000000, 0x0000000800000000)
  region size 2048K, 18 young (36864K), 3 survivors (6144K)
 Metaspace       used 76811K, committed 77376K, reserved 1179648K
  class space    used 10077K, committed 10368K, reserved 1048576K
}
Event: 6.874 GC heap after
{Heap after GC invocations=19 (full 0):
 garbage-first heap   total 81920K, used 36338K [0x0000000701000000, 0x0000000800000000)
  region size 2048K, 3 young (6144K), 3 survivors (6144K)
 Metaspace       used 76811K, committed 77376K, reserved 1179648K
  class space    used 10077K, committed 10368K, reserved 1048576K
}
Event: 7.191 GC heap before
{Heap before GC invocations=19 (full 0):
 garbage-first heap   total 81920K, used 65010K [0x0000000701000000, 0x0000000800000000)
  region size 2048K, 17 young (34816K), 3 survivors (6144K)
 Metaspace       used 78379K, committed 78976K, reserved 1179648K
  class space    used 10290K, committed 10560K, reserved 1048576K
}
Event: 7.195 GC heap after
{Heap after GC invocations=20 (full 0):
 garbage-first heap   total 81920K, used 38429K [0x0000000701000000, 0x0000000800000000)
  region size 2048K, 3 young (6144K), 3 survivors (6144K)
 Metaspace       used 78379K, committed 78976K, reserved 1179648K
  class space    used 10290K, committed 10560K, reserved 1048576K
}
Event: 7.486 GC heap before
{Heap before GC invocations=20 (full 0):
 garbage-first heap   total 81920K, used 65053K [0x0000000701000000, 0x0000000800000000)
  region size 2048K, 16 young (32768K), 3 survivors (6144K)
 Metaspace       used 79879K, committed 80384K, reserved 1179648K
  class space    used 10532K, committed 10752K, reserved 1048576K
}

